>Creating user uv
>Dropping user uv
DROP USER uv CASCADE
          *
ERROR at line 1:
ORA-01918: user 'UV' does not exist 


>Creating users

User created.

>Granting privileges

Grant succeeded.

>Creating UV tables
Connected.
drop table prereq
           *
ERROR at line 1:
ORA-00942: table or view does not exist 


drop table time_slot
           *
ERROR at line 1:
ORA-00942: table or view does not exist 


drop table advisor
           *
ERROR at line 1:
ORA-00942: table or view does not exist 


drop table takes
           *
ERROR at line 1:
ORA-00942: table or view does not exist 


drop table student
           *
ERROR at line 1:
ORA-00942: table or view does not exist 


drop table teaches
           *
ERROR at line 1:
ORA-00942: table or view does not exist 


drop table section
           *
ERROR at line 1:
ORA-00942: table or view does not exist 


drop table instructor
           *
ERROR at line 1:
ORA-00942: table or view does not exist 


drop table course
           *
ERROR at line 1:
ORA-00942: table or view does not exist 


drop table department
           *
ERROR at line 1:
ORA-00942: table or view does not exist 


drop table classroom
           *
ERROR at line 1:
ORA-00942: table or view does not exist 



Table created.


Table created.


Table created.


Table created.


Table created.


Table created.


Table created.


Table created.


Table created.


Table created.


Table created.

>Inserting small UV table data
Connected.

0 rows deleted.


0 rows deleted.


0 rows deleted.


0 rows deleted.


0 rows deleted.


0 rows deleted.


0 rows deleted.


0 rows deleted.


0 rows deleted.


0 rows deleted.


0 rows deleted.


1 row created.


1 row created.


1 row created.


1 row created.


1 row created.


1 row created.


1 row created.


1 row created.


1 row created.


1 row created.


1 row created.


1 row created.


1 row created.


1 row created.


1 row created.


1 row created.


1 row created.


1 row created.


1 row created.


1 row created.


1 row created.


1 row created.


1 row created.


1 row created.


1 row created.


1 row created.


1 row created.


1 row created.


1 row created.


1 row created.


1 row created.


1 row created.


1 row created.


1 row created.


1 row created.


1 row created.


1 row created.


1 row created.


1 row created.


1 row created.


1 row created.


1 row created.


1 row created.


1 row created.


1 row created.


1 row created.


1 row created.


1 row created.


1 row created.


1 row created.


1 row created.


1 row created.


1 row created.


1 row created.


1 row created.


1 row created.


1 row created.


1 row created.


1 row created.


1 row created.


1 row created.


1 row created.


1 row created.


1 row created.


1 row created.


1 row created.


1 row created.


1 row created.


1 row created.


1 row created.


1 row created.


1 row created.


1 row created.


1 row created.


1 row created.


1 row created.


1 row created.


1 row created.


1 row created.


1 row created.


1 row created.


1 row created.


1 row created.


1 row created.


1 row created.


1 row created.


1 row created.


1 row created.


1 row created.


1 row created.


1 row created.


1 row created.


1 row created.


1 row created.


1 row created.


1 row created.


1 row created.


1 row created.


1 row created.


1 row created.


1 row created.


1 row created.


1 row created.


1 row created.


1 row created.


1 row created.


1 row created.


1 row created.


1 row created.


1 row created.


1 row created.


1 row created.


1 row created.


1 row created.


1 row created.


1 row created.


1 row created.


1 row created.


1 row created.


1 row created.


1 row created.


1 row created.


1 row created.


1 row created.


1 row created.


1 row created.


1 row created.


1 row created.


1 row created.


1 row created.


1 row created.


1 row created.


1 row created.


1 row created.


1 row created.


1 row created.


1 row created.


1 row created.

