>Creating mgs DB users
DROP USER mgs CASCADE
          *
ERROR at line 1:
ORA-01918: user 'MGS' does not exist 



User created.


Grant succeeded.

>Creating mgs DB tables and inserting data
Connected.

PL/SQL procedure successfully completed.


Table created.


Table created.


Table created.


Table created.


Table created.


Table created.


Table created.


1 row created.


1 row created.


1 row created.


1 row created.


Sequence created.


1 row created.


1 row created.


1 row created.


1 row created.


1 row created.


1 row created.


1 row created.


1 row created.


1 row created.


1 row created.


Sequence created.


1 row created.


1 row created.


1 row created.


1 row created.


1 row created.


1 row created.


1 row created.


1 row created.


Sequence created.


1 row created.


1 row created.


1 row created.


1 row created.


1 row created.


1 row created.


1 row created.


1 row created.


1 row created.


1 row created.


1 row created.


1 row created.


Sequence created.


1 row created.


1 row created.


1 row created.


1 row created.


1 row created.


1 row created.


1 row created.


1 row created.


1 row created.


Sequence created.


1 row created.


1 row created.


1 row created.


1 row created.


1 row created.


1 row created.


1 row created.


1 row created.


1 row created.


1 row created.


1 row created.


1 row created.


Sequence created.


1 row created.


1 row created.


1 row created.


Sequence created.


Commit complete.

